Arguments: 
  C:\Program Files\nodejs\node.exe C:\Program Files (x86)\Yarn\bin\yarn.js add next-connect@1.0.0

PATH: 
  C:\Program Files\Eclipse Adoptium\jdk-17.0.9.9-hotspot\bin;C:\Program Files\Eclipse Adoptium\jdk-11.0.25.9-hotspot\bin;C:\Program Files\Microsoft\jdk-17.0.8.7-hotspot\bin;C:\Python311\Scripts\;C:\Python311\;C:\Python27\;C:\Python27\Scripts;C:\Windows\system32;C:\Windows;C:\Windows\System32\Wbem;C:\Windows\System32\WindowsPowerShell\v1.0\;C:\Windows\System32\OpenSSH\;C:\Users\Radames\AppData\Roaming\nvm;C:\Program Files (x86)\Yarn\bin\;C:\ProgramData\chocolatey\bin;C:\Program Files\Java\jdk1.8.0_211\bin;D:\Android\Sdk\emulator;D:\Android\Sdk\tools;D:\Android\Sdk\tools\bin;D:\Android\Sdk\platform-tools;C:\Program Files\PuTTY\;C:\Program Files\Microsoft SQL Server\Client SDK\ODBC\170\Tools\Binn\;C:\Program Files (x86)\Microsoft SQL Server\150\Tools\Binn\;C:\Program Files\Microsoft SQL Server\150\Tools\Binn\;C:\Program Files\Microsoft SQL Server\150\DTS\Binn\;C:\Program Files (x86)\Microsoft SQL Server\150\DTS\Binn\;C:\Program Files\Azure Data Studio\bin;C:\Program Files\Microsoft\Web Platform Installer\;C:\Program Files (x86)\Intel\Intel(R) Management Engine Components\DAL;C:\Program Files\Intel\Intel(R) Management Engine Components\DAL;C:\Program Files\Docker\Docker\resources\bin;C:\ProgramData\DockerDesktop\version-bin;C:\Program Files\dotnet\;C:\Program Files\NVIDIA Corporation\NVIDIA NvDLISR;C:\Program Files (x86)\NVIDIA Corporation\PhysX\Common;C:\ProgramData\nvm;C:\Program Files\nodejs;C:\Program Files\Git\cmd;C:\Program Files\PostgreSQL\16\bin;C:\ffmpeg\bin;C:\Program Files (x86)\sox-14-4-1;C:\ffmpeg\bin;C:\Users\Radames\AppData\Local\jdk-11.0.2\bin;C:\Users\Radames\AppData\Local\jdk-11.0.2\bin;C:\Users\Radames\AppData\Local\jdk-11.0.2\bin;C:\Users\Radames\AppData\Local\Microsoft\WindowsApps;C:\ProgramData\nvm;C:\Program Files\nodejs;C:\Users\Radames\AppData\Local\Yarn\bin;C:\Program Files\Azure Data Studio\bin;C:\Users\Radames\AppData\Local\Programs\Microsoft VS Code\bin;C:\Users\Radames\AppData\Roaming\npm;C:\Program Files\Git\bin;C:\Program Files\OpenSSL-Win64\bin;C:\Users\Radames\.dotnet\tools;C:\Users\Radames\AppData\Local\Programs\Microsoft VS Code\bin;C:\Users\Radames\AppData\Local\GitHubDesktop\bin

Yarn version: 
  1.22.4

Node version: 
  20.18.1

Platform: 
  win32 x64

Trace: 
  Error: EPERM: operation not permitted, unlink 'D:\CURSO\clone-tabnews\node_modules\@next\swc-win32-x64-msvc\next-swc.win32-x64-msvc.node'

npm manifest: 
  {
    "name": "clone-tabnews",
    "version": "1.0.0",
    "description": "Estudo do tabnews do Felipe Deschamps curso.dev\r por Radames Deus.",
    "main": "index.js",
    "scripts": {
      "dev": "npm run services:up && npm run services:wait:database && npm run migrations:up && next dev",
      "test": "npm run services:up && concurrently -n next,jest --hide next -k -s command-jest \"next dev\" \"npm run services:wait:test && jest  --runInBand\"",
      "test:w": "jest --watchAll --runInBand --verbose",
      "services:up": " docker compose -f infra/compose.yaml up -d",
      "services:stop": " docker compose -f infra/compose.yaml stop",
      "services:down": " docker compose -f infra/compose.yaml down",
      "services:wait:database": "node infra/scripts/await-for-postgres.js",
      "services:wait:test": "node tests/await-For-All-Services.js",
      "migrations:create": "node-pg-migrate -m infra/migrations create",
      "migrations:up": "node-pg-migrate -m infra/migrations --envPath .env.development up",
      "migrations:down": "node-pg-migrate -m infra/migrations --envPath .env.development down",
      "lint:prettier:check": "prettier --check .",
      "lint:prettier:fix": "prettier --write .",
      "lint:eslint:check": "next lint --dir .",
      "prepare": "husky",
      "commit": "cz",
      "git:commit": "git add -A && yarn commit && git push"
    },
    "keywords": [],
    "author": "",
    "license": "MIT",
    "dependencies": {
      "async-retry": "1.3.3",
      "dotenv": "16.4.7",
      "dotenv-expand": "12.0.1",
      "next": "^14.2.22",
      "node-pg-migrate": "7.8.0",
      "pg": "8.13.1",
      "react": "18.3.1",
      "react-dom": "18.3.1",
      "swr": "2.3.0"
    },
    "devDependencies": {
      "@commitlint/cli": "19.6.1",
      "@commitlint/config-conventional": "19.6.0",
      "commitizen": "4.3.1",
      "concurrently": "9.1.2",
      "cz-conventional-changelog": "3.3.0",
      "eslint": "8",
      "eslint-config-next": "14.2.4",
      "eslint-config-prettier": "9.1.0",
      "eslint-plugin-jest": "28.6.0",
      "husky": "9.1.7",
      "jest": "29.7.0",
      "prettier": "3.4.2"
    },
    "config": {
      "commitizen": {
        "path": "./node_modules/cz-conventional-changelog"
      }
    }
  }

yarn manifest: 
  No manifest

Lockfile: 
  No lockfile
